This is pdfTeX, Version 3.141592653-2.6-1.40.23 (TeX Live 2021) (preloaded format=pdflatex 2021.9.8)  8 SEP 2021 17:02
entering extended mode
 restricted \write18 enabled.
 file:line:error style messages enabled.
 %&-line parsing enabled.
**/home/sunshuo/Github/clust/clustering/report/report.tex
(/home/sunshuo/Github/clust/clustering/report/report.tex
LaTeX2e <2021-06-01> patch level 1
L3 programming layer <2021-08-27> (/usr/local/texlive/2021/texmf-dist/tex/latex/base/article.cls
Document Class: article 2021/02/12 v1.4n Standard LaTeX document class
(/usr/local/texlive/2021/texmf-dist/tex/latex/base/size10.clo
File: size10.clo 2021/02/12 v1.4n Standard LaTeX file (size option)
)
\c@part=\count182
\c@section=\count183
\c@subsection=\count184
\c@subsubsection=\count185
\c@paragraph=\count186
\c@subparagraph=\count187
\c@figure=\count188
\c@table=\count189
\abovecaptionskip=\skip47
\belowcaptionskip=\skip48
\bibindent=\dimen138
) (/usr/local/texlive/2021/texmf-dist/tex/latex/amsmath/amsmath.sty
Package: amsmath 2021/04/20 v2.17j AMS math features
\@mathmargin=\skip49

For additional information on amsmath, use the `?' option.
(/usr/local/texlive/2021/texmf-dist/tex/latex/amsmath/amstext.sty
Package: amstext 2000/06/29 v2.01 AMS text
 (/usr/local/texlive/2021/texmf-dist/tex/latex/amsmath/amsgen.sty
File: amsgen.sty 1999/11/30 v2.0 generic functions
\@emptytoks=\toks16
\ex@=\dimen139
)) (/usr/local/texlive/2021/texmf-dist/tex/latex/amsmath/amsbsy.sty
Package: amsbsy 1999/11/29 v1.2d Bold Symbols
\pmbraise@=\dimen140
) (/usr/local/texlive/2021/texmf-dist/tex/latex/amsmath/amsopn.sty
Package: amsopn 2016/03/08 v2.02 operator names
)
\inf@bad=\count190
LaTeX Info: Redefining \frac on input line 234.
\uproot@=\count191
\leftroot@=\count192
LaTeX Info: Redefining \overline on input line 399.
\classnum@=\count193
\DOTSCASE@=\count194
LaTeX Info: Redefining \ldots on input line 496.
LaTeX Info: Redefining \dots on input line 499.
LaTeX Info: Redefining \cdots on input line 620.
\Mathstrutbox@=\box50
\strutbox@=\box51
\big@size=\dimen141
LaTeX Font Info:    Redeclaring font encoding OML on input line 743.
LaTeX Font Info:    Redeclaring font encoding OMS on input line 744.
\macc@depth=\count195
\c@MaxMatrixCols=\count196
\dotsspace@=\muskip16
\c@parentequation=\count197
\dspbrk@lvl=\count198
\tag@help=\toks17
\row@=\count199
\column@=\count266
\maxfields@=\count267
\andhelp@=\toks18
\eqnshift@=\dimen142
\alignsep@=\dimen143
\tagshift@=\dimen144
\tagwidth@=\dimen145
\totwidth@=\dimen146
\lineht@=\dimen147
\@envbody=\toks19
\multlinegap=\skip50
\multlinetaggap=\skip51
\mathdisplay@stack=\toks20
LaTeX Info: Redefining \[ on input line 2923.
LaTeX Info: Redefining \] on input line 2924.
) (/usr/local/texlive/2021/texmf-dist/tex/latex/graphics/graphicx.sty
Package: graphicx 2020/12/05 v1.2c Enhanced LaTeX Graphics (DPC,SPQR)
 (/usr/local/texlive/2021/texmf-dist/tex/latex/graphics/keyval.sty
Package: keyval 2014/10/28 v1.15 key=value parser (DPC)
\KV@toks@=\toks21
) (/usr/local/texlive/2021/texmf-dist/tex/latex/graphics/graphics.sty
Package: graphics 2021/03/04 v1.4d Standard LaTeX Graphics (DPC,SPQR)
 (/usr/local/texlive/2021/texmf-dist/tex/latex/graphics/trig.sty
Package: trig 2016/01/03 v1.10 sin cos tan (DPC)
) (/usr/local/texlive/2021/texmf-dist/tex/latex/graphics-cfg/graphics.cfg
File: graphics.cfg 2016/06/04 v1.11 sample graphics configuration
)
Package graphics Info: Driver file: pdftex.def on input line 107.
 (/usr/local/texlive/2021/texmf-dist/tex/latex/graphics-def/pdftex.def
File: pdftex.def 2020/10/05 v1.2a Graphics/color driver for pdftex
))
\Gin@req@height=\dimen148
\Gin@req@width=\dimen149
) (/usr/local/texlive/2021/texmf-dist/tex/latex/subfigure/subfigure.sty
Package: subfigure 2002/03/15 v2.1.5 subfigure package
\subfigtopskip=\skip52
\subfigcapskip=\skip53
\subfigcaptopadj=\dimen150
\subfigbottomskip=\skip54
\subfigcapmargin=\dimen151
\subfiglabelskip=\skip55
\c@subfigure=\count268
\c@lofdepth=\count269
\c@subtable=\count270
\c@lotdepth=\count271

****************************************
* Local config file subfigure.cfg used *
****************************************
(/usr/local/texlive/2021/texmf-dist/tex/latex/subfigure/subfigure.cfg)
\subfig@top=\skip56
\subfig@bottom=\skip57
) (/usr/local/texlive/2021/texmf-dist/tex/latex/caption/caption.sty
Package: caption 2020/10/26 v3.5g Customizing captions (AR)
 (/usr/local/texlive/2021/texmf-dist/tex/latex/caption/caption3.sty
Package: caption3 2020/10/21 v2.2e caption3 kernel (AR)
\captionmargin=\dimen152
\captionmargin@=\dimen153
\captionwidth=\dimen154
\caption@tempdima=\dimen155
\caption@indent=\dimen156
\caption@parindent=\dimen157
\caption@hangindent=\dimen158
Package caption Info: Standard document class detected.
)
\c@caption@flags=\count272
\c@continuedfloat=\count273
Package caption Info: subfigure package is loaded.
) (/usr/local/texlive/2021/texmf-dist/tex/latex/caption/subcaption.sty
Package: subcaption 2020/10/07 v1.3j Sub-captions (AR)


/usr/local/texlive/2021/texmf-dist/tex/latex/caption/subcaption.sty:62: Package subcaption Error: This package can't be used in cooperation
(subcaption)                with the subfigure package.

See the subcaption package documentation for explanation.
Type  H <return>  for immediate help.
 ...                                              
                                                  
l.62 \subcaption@CheckCompatibility
                                   
If you do not understand this error, please take a closer look
at the documentation of the `subcaption' package, especially the
section about errors.
Try typing  <return>  to proceed.
If that doesn't work, type  X <return>  to quit.

) (/usr/local/texlive/2021/texmf-dist/tex/latex/algorithm2e/algorithm2e.sty
Package: algorithm2e 2017/07/18 v5.2 algorithms environments
\c@AlgoLine=\count274
 (/usr/local/texlive/2021/texmf-dist/tex/latex/base/ifthen.sty
Package: ifthen 2020/11/24 v1.1c Standard LaTeX ifthen package (DPC)
)
\algocf@hangindent=\skip58
 (/usr/local/texlive/2021/texmf-dist/tex/latex/ifoddpage/ifoddpage.sty
Package: ifoddpage 2016/04/23 v1.1 Conditionals for odd/even page detection
\c@checkoddpage=\count275
) (/usr/local/texlive/2021/texmf-dist/tex/latex/tools/xspace.sty
Package: xspace 2014/10/28 v1.13 Space after command names (DPC,MH)
) (/usr/local/texlive/2021/texmf-dist/tex/latex/relsize/relsize.sty
Package: relsize 2013/03/29 ver 4.1
)
\skiptotal=\skip59
\skiplinenumber=\skip60
\skiprule=\skip61
\skiphlne=\skip62
\skiptext=\skip63
\skiplength=\skip64
\algomargin=\skip65
\skipalgocfslide=\skip66
\algowidth=\dimen159
\inoutsize=\dimen160
\inoutindent=\dimen161
\interspacetitleruled=\dimen162
\interspacealgoruled=\dimen163
\interspacetitleboxruled=\dimen164
\algocf@ruledwidth=\skip67
\algocf@inoutbox=\box52
\algocf@inputbox=\box53
\AlCapSkip=\skip68
\AlCapHSkip=\skip69
\algoskipindent=\skip70
\algocf@nlbox=\box54
\algocf@hangingbox=\box55
\algocf@untilbox=\box56
\algocf@skipuntil=\skip71
\algocf@capbox=\box57
\algocf@lcaptionbox=\skip72
\algoheightruledefault=\skip73
\algoheightrule=\skip74
\algotitleheightruledefault=\skip75
\algotitleheightrule=\skip76
\c@algocfline=\count276
\c@algocfproc=\count277
\c@algocf=\count278
\algocf@algoframe=\box58
\algocf@algobox=\box59
) (/usr/local/texlive/2021/texmf-dist/tex/latex/l3backend/l3backend-pdftex.def
File: l3backend-pdftex.def 2021-08-04 L3 backend support: PDF output (pdfTeX)
\l__color_backend_stack_int=\count279
\l__pdf_internal_box=\box60
) (./report.aux)
\openout1 = `report.aux'.

LaTeX Font Info:    Checking defaults for OML/cmm/m/it on input line 11.
LaTeX Font Info:    ... okay on input line 11.
LaTeX Font Info:    Checking defaults for OMS/cmsy/m/n on input line 11.
LaTeX Font Info:    ... okay on input line 11.
LaTeX Font Info:    Checking defaults for OT1/cmr/m/n on input line 11.
LaTeX Font Info:    ... okay on input line 11.
LaTeX Font Info:    Checking defaults for T1/cmr/m/n on input line 11.
LaTeX Font Info:    ... okay on input line 11.
LaTeX Font Info:    Checking defaults for TS1/cmr/m/n on input line 11.
LaTeX Font Info:    ... okay on input line 11.
LaTeX Font Info:    Checking defaults for OMX/cmex/m/n on input line 11.
LaTeX Font Info:    ... okay on input line 11.
LaTeX Font Info:    Checking defaults for U/cmr/m/n on input line 11.
LaTeX Font Info:    ... okay on input line 11.
 (/usr/local/texlive/2021/texmf-dist/tex/context/base/mkii/supp-pdf.mkii
[Loading MPS to PDF converter (version 2006.09.02).]
\scratchcounter=\count280
\scratchdimen=\dimen165
\scratchbox=\box61
\nofMPsegments=\count281
\nofMParguments=\count282
\everyMPshowfont=\toks22
\MPscratchCnt=\count283
\MPscratchDim=\dimen166
\MPnumerator=\count284
\makeMPintoPDFobject=\count285
\everyMPtoPDFconversion=\toks23
) (/usr/local/texlive/2021/texmf-dist/tex/latex/epstopdf-pkg/epstopdf-base.sty
Package: epstopdf-base 2020-01-24 v2.11 Base part for package epstopdf
Package epstopdf-base Info: Redefining graphics rule for `.eps' on input line 485.
 (/usr/local/texlive/2021/texmf-dist/tex/latex/latexconfig/epstopdf-sys.cfg
File: epstopdf-sys.cfg 2010/07/13 v1.3 Configuration of (r)epstopdf for TeX Live
))
Package caption Info: Begin \AtBeginDocument code.
Package caption Info: End \AtBeginDocument code.
 [1

{/usr/local/texlive/2021/texmf-var/fonts/map/pdftex/updmap/pdftex.map}] [2]
<0-23.jpg, id=22, 494.34688pt x 488.32437pt>
File: 0-23.jpg Graphic file (type jpg)
<use 0-23.jpg>
Package pdftex.def Info: 0-23.jpg  used on input line 124.
(pdftex.def)             Requested size: 199.16928pt x 196.742pt.
 [3 <./0-23.JPG>] [4]
<line2.JPG, id=34, 405.01312pt x 47.17625pt>
File: line2.JPG Graphic file (type jpg)
<use line2.JPG>
Package pdftex.def Info: line2.JPG  used on input line 235.
(pdftex.def)             Requested size: 345.0pt x 40.18636pt.
File: line2.JPG Graphic file (type jpg)
<use line2.JPG>
Package pdftex.def Info: line2.JPG  used on input line 235.
(pdftex.def)             Requested size: 345.0pt x 40.18636pt.

Overfull \hbox (6.66666pt too wide) in paragraph at lines 235--235
 [][] 
 []


Overfull \hbox (6.66666pt too wide) in paragraph at lines 235--235
 [] 
 []

/home/sunshuo/Github/clust/clustering/report/report.tex:235: Use of \sf@sub@label doesn't match its definition.
\@ifnextchar ...eserved@d =#1\def \reserved@a {#2}
                                                  \def \reserved@b {#3}\futu...
l.235 \subsection
                 {Computing Variance}
If you say, e.g., `\def\a1{...}', then you must always
put `1' after `\a', since control sequence names are
made up of letters only. The macro here has not been
followed by the required stuff, so I'm ignoring it.

/home/sunshuo/Github/clust/clustering/report/report.tex:235: Undefined control sequence.
<argument> @@thesub\@captype 
                             
l.235 \subsection
                 {Computing Variance}
The control sequence at the end of the top line
of your error message was never \def'ed. If you have
misspelled it (e.g., `\hobx'), type `I' and the correct
spelling (e.g., `I\hbox'). Otherwise just continue,
and I'll forget about whatever was undefined.

/home/sunshuo/Github/clust/clustering/report/report.tex:235: Argument of \sf@sub@label has an extra }.
<inserted text> 
                \par 
l.235 \subsection
                 {Computing Variance}
I've run across a `}' that doesn't seem to match anything.
For example, `\def\a#1{...}' and `\a}' would produce
this error. If you simply proceed now, the `\par' that
I've just inserted will cause me to report a runaway
argument that might be the root of the problem. But if
your `}' was spurious, just type `2' and it will go away.

Runaway argument?
/home/sunshuo/Github/clust/clustering/report/report.tex:235: Paragraph ended before \sf@sub@label was complete.
<to be read again> 
                   \par 
l.235 \subsection
                 {Computing Variance}
I suspect you've forgotten a `}', causing me to apply this
control sequence to too much text. How can we recover?
My plan is to forget the whole thing and hope for the best.

/home/sunshuo/Github/clust/clustering/report/report.tex:235: Undefined control sequence.
<argument> c@\@captype 
                       
l.235 \subsection
                 {Computing Variance}
The control sequence at the end of the top line
of your error message was never \def'ed. If you have
misspelled it (e.g., `\hobx'), type `I' and the correct
spelling (e.g., `I\hbox'). Otherwise just continue,
and I'll forget about whatever was undefined.

/home/sunshuo/Github/clust/clustering/report/report.tex:235: Undefined control sequence.
<argument> c@sub\@captype 
                          
l.235 \subsection
                 {Computing Variance}
The control sequence at the end of the top line
of your error message was never \def'ed. If you have
misspelled it (e.g., `\hobx'), type `I' and the correct
spelling (e.g., `I\hbox'). Otherwise just continue,
and I'll forget about whatever was undefined.

/home/sunshuo/Github/clust/clustering/report/report.tex:235: Undefined control sequence.
<argument> No counter 'sub\@captype 
                                    ' defined
l.235 \subsection
                 {Computing Variance}
The control sequence at the end of the top line
of your error message was never \def'ed. If you have
misspelled it (e.g., `\hobx'), type `I' and the correct
spelling (e.g., `I\hbox'). Otherwise just continue,
and I'll forget about whatever was undefined.

/home/sunshuo/Github/clust/clustering/report/report.tex:235: Missing \endcsname inserted.
<to be read again> 
                   \csname\endcsname 
l.235 \subsection
                 {Computing Variance}
The control sequence marked <to be read again> should
not appear between \csname and \endcsname.

/home/sunshuo/Github/clust/clustering/report/report.tex:235: Missing \endcsname inserted.
<to be read again> 
                   \csname\endcsname 
l.235 \subsection
                 {Computing Variance}
The control sequence marked <to be read again> should
not appear between \csname and \endcsname.

/home/sunshuo/Github/clust/clustering/report/report.tex:235: Missing \endcsname inserted.
<to be read again> 
                   \csname\endcsname 
l.235 \subsection
                 {Computing Variance}
The control sequence marked <to be read again> should
not appear between \csname and \endcsname.

/home/sunshuo/Github/clust/clustering/report/report.tex:235: Missing \endcsname inserted.
<to be read again> 
                   \MessageBreak 
l.235 \subsection
                 {Computing Variance}
The control sequence marked <to be read again> should
not appear between \csname and \endcsname.

/home/sunshuo/Github/clust/clustering/report/report.tex:235: Missing \endcsname inserted.
<to be read again> 
                   \csname\endcsname 
l.235 \subsection
                 {Computing Variance}
The control sequence marked <to be read again> should
not appear between \csname and \endcsname.

/home/sunshuo/Github/clust/clustering/report/report.tex:235: Missing \endcsname inserted.
<to be read again> 
                   \csname\endcsname 
l.235 \subsection
                 {Computing Variance}
The control sequence marked <to be read again> should
not appear between \csname and \endcsname.

/home/sunshuo/Github/clust/clustering/report/report.tex:235: Missing \endcsname inserted.
<to be read again> 
                   \csname\endcsname 
l.235 \subsection
                 {Computing Variance}
The control sequence marked <to be read again> should
not appear between \csname and \endcsname.

/home/sunshuo/Github/clust/clustering/report/report.tex:235: Missing \endcsname inserted.
<to be read again> 
                   \MessageBreak 
l.235 \subsection
                 {Computing Variance}
The control sequence marked <to be read again> should
not appear between \csname and \endcsname.

/home/sunshuo/Github/clust/clustering/report/report.tex:235: Missing \endcsname inserted.
<to be read again> 
                   \csname\endcsname 
l.235 \subsection
                 {Computing Variance}
The control sequence marked <to be read again> should
not appear between \csname and \endcsname.

/home/sunshuo/Github/clust/clustering/report/report.tex:235: Missing \endcsname inserted.
<to be read again> 
                   \csname\endcsname 
l.235 \subsection
                 {Computing Variance}
The control sequence marked <to be read again> should
not appear between \csname and \endcsname.

/home/sunshuo/Github/clust/clustering/report/report.tex:235: Missing \endcsname inserted.
<to be read again> 
                   \csname\endcsname 
l.235 \subsection
                 {Computing Variance}
The control sequence marked <to be read again> should
not appear between \csname and \endcsname.

/home/sunshuo/Github/clust/clustering/report/report.tex:235: Missing \endcsname inserted.
<to be read again> 
                   \MessageBreak 
l.235 \subsection
                 {Computing Variance}
The control sequence marked <to be read again> should
not appear between \csname and \endcsname.

/home/sunshuo/Github/clust/clustering/report/report.tex:235: Missing \endcsname inserted.
<to be read again> 
                   \csname\endcsname 
l.235 \subsection
                 {Computing Variance}
The control sequence marked <to be read again> should
not appear between \csname and \endcsname.

/home/sunshuo/Github/clust/clustering/report/report.tex:235: Missing \endcsname inserted.
<to be read again> 
                   \csname\endcsname 
l.235 \subsection
                 {Computing Variance}
The control sequence marked <to be read again> should
not appear between \csname and \endcsname.

/home/sunshuo/Github/clust/clustering/report/report.tex:235: Missing \endcsname inserted.
<to be read again> 
                   \csname\endcsname 
l.235 \subsection
                 {Computing Variance}
The control sequence marked <to be read again> should
not appear between \csname and \endcsname.

/home/sunshuo/Github/clust/clustering/report/report.tex:235: Missing \endcsname inserted.
<to be read again> 
                   \MessageBreak 
l.235 \subsection
                 {Computing Variance}
The control sequence marked <to be read again> should
not appear between \csname and \endcsname.

/home/sunshuo/Github/clust/clustering/report/report.tex:235: Missing \endcsname inserted.
<to be read again> 
                   \csname\endcsname 
l.235 \subsection
                 {Computing Variance}
The control sequence marked <to be read again> should
not appear between \csname and \endcsname.

/home/sunshuo/Github/clust/clustering/report/report.tex:235: Missing \endcsname inserted.
<to be read again> 
                   \csname\endcsname 
l.235 \subsection
                 {Computing Variance}
The control sequence marked <to be read again> should
not appear between \csname and \endcsname.

/home/sunshuo/Github/clust/clustering/report/report.tex:235: Missing \endcsname inserted.
<to be read again> 
                   \csname\endcsname 
l.235 \subsection
                 {Computing Variance}
The control sequence marked <to be read again> should
not appear between \csname and \endcsname.

/home/sunshuo/Github/clust/clustering/report/report.tex:235: Missing \endcsname inserted.
<to be read again> 
                   \MessageBreak 
l.235 \subsection
                 {Computing Variance}
The control sequence marked <to be read again> should
not appear between \csname and \endcsname.

/home/sunshuo/Github/clust/clustering/report/report.tex:235: Missing \endcsname inserted.
<to be read again> 
                   \csname\endcsname 
l.235 \subsection
                 {Computing Variance}
The control sequence marked <to be read again> should
not appear between \csname and \endcsname.

/home/sunshuo/Github/clust/clustering/report/report.tex:235: Missing \endcsname inserted.
<to be read again> 
                   \csname\endcsname 
l.235 \subsection
                 {Computing Variance}
The control sequence marked <to be read again> should
not appear between \csname and \endcsname.

/home/sunshuo/Github/clust/clustering/report/report.tex:235: Missing \endcsname inserted.
<to be read again> 
                   \csname\endcsname 
l.235 \subsection
                 {Computing Variance}
The control sequence marked <to be read again> should
not appear between \csname and \endcsname.

/home/sunshuo/Github/clust/clustering/report/report.tex:235: Missing \endcsname inserted.
<to be read again> 
                   \MessageBreak 
l.235 \subsection
                 {Computing Variance}
The control sequence marked <to be read again> should
not appear between \csname and \endcsname.

/home/sunshuo/Github/clust/clustering/report/report.tex:235: Missing \endcsname inserted.
<to be read again> 
                   \csname\endcsname 
l.235 \subsection
                 {Computing Variance}
The control sequence marked <to be read again> should
not appear between \csname and \endcsname.

/home/sunshuo/Github/clust/clustering/report/report.tex:235: Missing \endcsname inserted.
<to be read again> 
                   \csname\endcsname 
l.235 \subsection
                 {Computing Variance}
The control sequence marked <to be read again> should
not appear between \csname and \endcsname.

/home/sunshuo/Github/clust/clustering/report/report.tex:235: Missing \endcsname inserted.
<to be read again> 
                   \csname\endcsname 
l.235 \subsection
                 {Computing Variance}
The control sequence marked <to be read again> should
not appear between \csname and \endcsname.

/home/sunshuo/Github/clust/clustering/report/report.tex:235: Missing \endcsname inserted.
<to be read again> 
                   \MessageBreak 
l.235 \subsection
                 {Computing Variance}
The control sequence marked <to be read again> should
not appear between \csname and \endcsname.

/home/sunshuo/Github/clust/clustering/report/report.tex:235: Missing \endcsname inserted.
<to be read again> 
                   \csname\endcsname 
l.235 \subsection
                 {Computing Variance}
The control sequence marked <to be read again> should
not appear between \csname and \endcsname.

/home/sunshuo/Github/clust/clustering/report/report.tex:235: Missing \endcsname inserted.
<to be read again> 
                   \csname\endcsname 
l.235 \subsection
                 {Computing Variance}
The control sequence marked <to be read again> should
not appear between \csname and \endcsname.

/home/sunshuo/Github/clust/clustering/report/report.tex:235: Missing \endcsname inserted.
<to be read again> 
                   \csname\endcsname 
l.235 \subsection
                 {Computing Variance}
The control sequence marked <to be read again> should
not appear between \csname and \endcsname.

/home/sunshuo/Github/clust/clustering/report/report.tex:235: Missing \endcsname inserted.
<to be read again> 
                   \MessageBreak 
l.235 \subsection
                 {Computing Variance}
The control sequence marked <to be read again> should
not appear between \csname and \endcsname.

/home/sunshuo/Github/clust/clustering/report/report.tex:235: Missing \endcsname inserted.
<to be read again> 
                   \csname\endcsname 
l.235 \subsection
                 {Computing Variance}
The control sequence marked <to be read again> should
not appear between \csname and \endcsname.

/home/sunshuo/Github/clust/clustering/report/report.tex:235: Missing \endcsname inserted.
<to be read again> 
                   \csname\endcsname 
l.235 \subsection
                 {Computing Variance}
The control sequence marked <to be read again> should
not appear between \csname and \endcsname.

/home/sunshuo/Github/clust/clustering/report/report.tex:235: Missing \endcsname inserted.
<to be read again> 
                   \csname\endcsname 
l.235 \subsection
                 {Computing Variance}
The control sequence marked <to be read again> should
not appear between \csname and \endcsname.

/home/sunshuo/Github/clust/clustering/report/report.tex:235: Missing \endcsname inserted.
<to be read again> 
                   \MessageBreak 
l.235 \subsection
                 {Computing Variance}
The control sequence marked <to be read again> should
not appear between \csname and \endcsname.

/home/sunshuo/Github/clust/clustering/report/report.tex:235: Missing \endcsname inserted.
<to be read again> 
                   \csname\endcsname 
l.235 \subsection
                 {Computing Variance}
The control sequence marked <to be read again> should
not appear between \csname and \endcsname.

/home/sunshuo/Github/clust/clustering/report/report.tex:235: Missing \endcsname inserted.
<to be read again> 
                   \csname\endcsname 
l.235 \subsection
                 {Computing Variance}
The control sequence marked <to be read again> should
not appear between \csname and \endcsname.

/home/sunshuo/Github/clust/clustering/report/report.tex:235: Missing \endcsname inserted.
<to be read again> 
                   \csname\endcsname 
l.235 \subsection
                 {Computing Variance}
The control sequence marked <to be read again> should
not appear between \csname and \endcsname.

/home/sunshuo/Github/clust/clustering/report/report.tex:235: Missing \endcsname inserted.
<to be read again> 
                   \MessageBreak 
l.235 \subsection
                 {Computing Variance}
The control sequence marked <to be read again> should
not appear between \csname and \endcsname.

/home/sunshuo/Github/clust/clustering/report/report.tex:235: Missing \endcsname inserted.
<to be read again> 
                   \csname\endcsname 
l.235 \subsection
                 {Computing Variance}
The control sequence marked <to be read again> should
not appear between \csname and \endcsname.

/home/sunshuo/Github/clust/clustering/report/report.tex:235: Missing \endcsname inserted.
<to be read again> 
                   \csname\endcsname 
l.235 \subsection
                 {Computing Variance}
The control sequence marked <to be read again> should
not appear between \csname and \endcsname.

/home/sunshuo/Github/clust/clustering/report/report.tex:235: Missing \endcsname inserted.
<to be read again> 
                   \csname\endcsname 
l.235 \subsection
                 {Computing Variance}
The control sequence marked <to be read again> should
not appear between \csname and \endcsname.

/home/sunshuo/Github/clust/clustering/report/report.tex:235: Missing \endcsname inserted.
<to be read again> 
                   \MessageBreak 
l.235 \subsection
                 {Computing Variance}
The control sequence marked <to be read again> should
not appear between \csname and \endcsname.

/home/sunshuo/Github/clust/clustering/report/report.tex:235: Missing \endcsname inserted.
<to be read again> 
                   \csname\endcsname 
l.235 \subsection
                 {Computing Variance}
The control sequence marked <to be read again> should
not appear between \csname and \endcsname.

/home/sunshuo/Github/clust/clustering/report/report.tex:235: Missing \endcsname inserted.
<to be read again> 
                   \csname\endcsname 
l.235 \subsection
                 {Computing Variance}
The control sequence marked <to be read again> should
not appear between \csname and \endcsname.

/home/sunshuo/Github/clust/clustering/report/report.tex:235: Missing \endcsname inserted.
<to be read again> 
                   \csname\endcsname 
l.235 \subsection
                 {Computing Variance}
The control sequence marked <to be read again> should
not appear between \csname and \endcsname.

/home/sunshuo/Github/clust/clustering/report/report.tex:235: Missing \endcsname inserted.
<to be read again> 
                   \MessageBreak 
l.235 \subsection
                 {Computing Variance}
The control sequence marked <to be read again> should
not appear between \csname and \endcsname.

/home/sunshuo/Github/clust/clustering/report/report.tex:235: Missing \endcsname inserted.
<to be read again> 
                   \csname\endcsname 
l.235 \subsection
                 {Computing Variance}
The control sequence marked <to be read again> should
not appear between \csname and \endcsname.

/home/sunshuo/Github/clust/clustering/report/report.tex:235: Missing \endcsname inserted.
<to be read again> 
                   \csname\endcsname 
l.235 \subsection
                 {Computing Variance}
The control sequence marked <to be read again> should
not appear between \csname and \endcsname.

/home/sunshuo/Github/clust/clustering/report/report.tex:235: Missing \endcsname inserted.
<to be read again> 
                   \csname\endcsname 
l.235 \subsection
                 {Computing Variance}
The control sequence marked <to be read again> should
not appear between \csname and \endcsname.

/home/sunshuo/Github/clust/clustering/report/report.tex:235: Missing \endcsname inserted.
<to be read again> 
                   \MessageBreak 
l.235 \subsection
                 {Computing Variance}
The control sequence marked <to be read again> should
not appear between \csname and \endcsname.

/home/sunshuo/Github/clust/clustering/report/report.tex:235: Missing \endcsname inserted.
<to be read again> 
                   \csname\endcsname 
l.235 \subsection
                 {Computing Variance}
The control sequence marked <to be read again> should
not appear between \csname and \endcsname.

/home/sunshuo/Github/clust/clustering/report/report.tex:235: Missing \endcsname inserted.
<to be read again> 
                   \csname\endcsname 
l.235 \subsection
                 {Computing Variance}
The control sequence marked <to be read again> should
not appear between \csname and \endcsname.

/home/sunshuo/Github/clust/clustering/report/report.tex:235: Missing \endcsname inserted.
<to be read again> 
                   \csname\endcsname 
l.235 \subsection
                 {Computing Variance}
The control sequence marked <to be read again> should
not appear between \csname and \endcsname.

/home/sunshuo/Github/clust/clustering/report/report.tex:235: Missing \endcsname inserted.
<to be read again> 
                   \MessageBreak 
l.235 \subsection
                 {Computing Variance}
The control sequence marked <to be read again> should
not appear between \csname and \endcsname.

/home/sunshuo/Github/clust/clustering/report/report.tex:235: Missing \endcsname inserted.
<to be read again> 
                   \csname\endcsname 
l.235 \subsection
                 {Computing Variance}
The control sequence marked <to be read again> should
not appear between \csname and \endcsname.

/home/sunshuo/Github/clust/clustering/report/report.tex:235: Missing \endcsname inserted.
<to be read again> 
                   \csname\endcsname 
l.235 \subsection
                 {Computing Variance}
The control sequence marked <to be read again> should
not appear between \csname and \endcsname.

/home/sunshuo/Github/clust/clustering/report/report.tex:235: Missing \endcsname inserted.
<to be read again> 
                   \csname\endcsname 
l.235 \subsection
                 {Computing Variance}
The control sequence marked <to be read again> should
not appear between \csname and \endcsname.

/home/sunshuo/Github/clust/clustering/report/report.tex:235: Missing \endcsname inserted.
<to be read again> 
                   \MessageBreak 
l.235 \subsection
                 {Computing Variance}
The control sequence marked <to be read again> should
not appear between \csname and \endcsname.

/home/sunshuo/Github/clust/clustering/report/report.tex:235: Missing \endcsname inserted.
<to be read again> 
                   \csname\endcsname 
l.235 \subsection
                 {Computing Variance}
The control sequence marked <to be read again> should
not appear between \csname and \endcsname.

/home/sunshuo/Github/clust/clustering/report/report.tex:235: Missing \endcsname inserted.
<to be read again> 
                   \csname\endcsname 
l.235 \subsection
                 {Computing Variance}
The control sequence marked <to be read again> should
not appear between \csname and \endcsname.

/home/sunshuo/Github/clust/clustering/report/report.tex:235: Missing \endcsname inserted.
<to be read again> 
                   \csname\endcsname 
l.235 \subsection
                 {Computing Variance}
The control sequence marked <to be read again> should
not appear between \csname and \endcsname.

/home/sunshuo/Github/clust/clustering/report/report.tex:235: Missing \endcsname inserted.
<to be read again> 
                   \MessageBreak 
l.235 \subsection
                 {Computing Variance}
The control sequence marked <to be read again> should
not appear between \csname and \endcsname.

/home/sunshuo/Github/clust/clustering/report/report.tex:235: Missing \endcsname inserted.
<to be read again> 
                   \csname\endcsname 
l.235 \subsection
                 {Computing Variance}
The control sequence marked <to be read again> should
not appear between \csname and \endcsname.

/home/sunshuo/Github/clust/clustering/report/report.tex:235: Missing \endcsname inserted.
<to be read again> 
                   \csname\endcsname 
l.235 \subsection
                 {Computing Variance}
The control sequence marked <to be read again> should
not appear between \csname and \endcsname.

/home/sunshuo/Github/clust/clustering/report/report.tex:235: Missing \endcsname inserted.
<to be read again> 
                   \csname\endcsname 
l.235 \subsection
                 {Computing Variance}
The control sequence marked <to be read again> should
not appear between \csname and \endcsname.

/home/sunshuo/Github/clust/clustering/report/report.tex:235: Missing \endcsname inserted.
<to be read again> 
                   \MessageBreak 
l.235 \subsection
                 {Computing Variance}
The control sequence marked <to be read again> should
not appear between \csname and \endcsname.

/home/sunshuo/Github/clust/clustering/report/report.tex:235: Missing \endcsname inserted.
<to be read again> 
                   \csname\endcsname 
l.235 \subsection
                 {Computing Variance}
The control sequence marked <to be read again> should
not appear between \csname and \endcsname.

/home/sunshuo/Github/clust/clustering/report/report.tex:235: Missing \endcsname inserted.
<to be read again> 
                   \csname\endcsname 
l.235 \subsection
                 {Computing Variance}
The control sequence marked <to be read again> should
not appear between \csname and \endcsname.

/home/sunshuo/Github/clust/clustering/report/report.tex:235: Missing \endcsname inserted.
<to be read again> 
                   \csname\endcsname 
l.235 \subsection
                 {Computing Variance}
The control sequence marked <to be read again> should
not appear between \csname and \endcsname.

/home/sunshuo/Github/clust/clustering/report/report.tex:235: Missing \endcsname inserted.
<to be read again> 
                   \MessageBreak 
l.235 \subsection
                 {Computing Variance}
The control sequence marked <to be read again> should
not appear between \csname and \endcsname.

/home/sunshuo/Github/clust/clustering/report/report.tex:235: Missing \endcsname inserted.
<to be read again> 
                   \csname\endcsname 
l.235 \subsection
                 {Computing Variance}
The control sequence marked <to be read again> should
not appear between \csname and \endcsname.

/home/sunshuo/Github/clust/clustering/report/report.tex:235: Missing \endcsname inserted.
<to be read again> 
                   \csname\endcsname 
l.235 \subsection
                 {Computing Variance}
The control sequence marked <to be read again> should
not appear between \csname and \endcsname.

/home/sunshuo/Github/clust/clustering/report/report.tex:235: Missing \endcsname inserted.
<to be read again> 
                   \csname\endcsname 
l.235 \subsection
                 {Computing Variance}
The control sequence marked <to be read again> should
not appear between \csname and \endcsname.

/home/sunshuo/Github/clust/clustering/report/report.tex:235: Missing \endcsname inserted.
<to be read again> 
                   \MessageBreak 
l.235 \subsection
                 {Computing Variance}
The control sequence marked <to be read again> should
not appear between \csname and \endcsname.

/home/sunshuo/Github/clust/clustering/report/report.tex:235: Missing \endcsname inserted.
<to be read again> 
                   \csname\endcsname 
l.235 \subsection
                 {Computing Variance}
The control sequence marked <to be read again> should
not appear between \csname and \endcsname.

/home/sunshuo/Github/clust/clustering/report/report.tex:235: Missing \endcsname inserted.
<to be read again> 
                   \csname\endcsname 
l.235 \subsection
                 {Computing Variance}
The control sequence marked <to be read again> should
not appear between \csname and \endcsname.

/home/sunshuo/Github/clust/clustering/report/report.tex:235: Missing \endcsname inserted.
<to be read again> 
                   \csname\endcsname 
l.235 \subsection
                 {Computing Variance}
The control sequence marked <to be read again> should
not appear between \csname and \endcsname.

/home/sunshuo/Github/clust/clustering/report/report.tex:235: Missing \endcsname inserted.
<to be read again> 
                   \MessageBreak 
l.235 \subsection
                 {Computing Variance}
The control sequence marked <to be read again> should
not appear between \csname and \endcsname.

/home/sunshuo/Github/clust/clustering/report/report.tex:235: Missing \endcsname inserted.
<to be read again> 
                   \csname\endcsname 
l.235 \subsection
                 {Computing Variance}
The control sequence marked <to be read again> should
not appear between \csname and \endcsname.

/home/sunshuo/Github/clust/clustering/report/report.tex:235: Missing \endcsname inserted.
<to be read again> 
                   \csname\endcsname 
l.235 \subsection
                 {Computing Variance}
The control sequence marked <to be read again> should
not appear between \csname and \endcsname.

/home/sunshuo/Github/clust/clustering/report/report.tex:235: Missing \endcsname inserted.
<to be read again> 
                   \csname\endcsname 
l.235 \subsection
                 {Computing Variance}
The control sequence marked <to be read again> should
not appear between \csname and \endcsname.

/home/sunshuo/Github/clust/clustering/report/report.tex:235: Missing \endcsname inserted.
<to be read again> 
                   \MessageBreak 
l.235 \subsection
                 {Computing Variance}
The control sequence marked <to be read again> should
not appear between \csname and \endcsname.

/home/sunshuo/Github/clust/clustering/report/report.tex:235: Missing \endcsname inserted.
<to be read again> 
                   \csname\endcsname 
l.235 \subsection
                 {Computing Variance}
The control sequence marked <to be read again> should
not appear between \csname and \endcsname.

/home/sunshuo/Github/clust/clustering/report/report.tex:235: Missing \endcsname inserted.
<to be read again> 
                   \csname\endcsname 
l.235 \subsection
                 {Computing Variance}
The control sequence marked <to be read again> should
not appear between \csname and \endcsname.

/home/sunshuo/Github/clust/clustering/report/report.tex:235: Missing \endcsname inserted.
<to be read again> 
                   \csname\endcsname 
l.235 \subsection
                 {Computing Variance}
The control sequence marked <to be read again> should
not appear between \csname and \endcsname.

/home/sunshuo/Github/clust/clustering/report/report.tex:235: Missing \endcsname inserted.
<to be read again> 
                   \MessageBreak 
l.235 \subsection
                 {Computing Variance}
The control sequence marked <to be read again> should
not appear between \csname and \endcsname.

/home/sunshuo/Github/clust/clustering/report/report.tex:235: Missing \endcsname inserted.
<to be read again> 
                   \csname\endcsname 
l.235 \subsection
                 {Computing Variance}
The control sequence marked <to be read again> should
not appear between \csname and \endcsname.

/home/sunshuo/Github/clust/clustering/report/report.tex:235: Missing \endcsname inserted.
<to be read again> 
                   \csname\endcsname 
l.235 \subsection
                 {Computing Variance}
The control sequence marked <to be read again> should
not appear between \csname and \endcsname.

/home/sunshuo/Github/clust/clustering/report/report.tex:235: Missing \endcsname inserted.
<to be read again> 
                   \csname\endcsname 
l.235 \subsection
                 {Computing Variance}
The control sequence marked <to be read again> should
not appear between \csname and \endcsname.

/home/sunshuo/Github/clust/clustering/report/report.tex:235: Missing \endcsname inserted.
<to be read again> 
                   \MessageBreak 
l.235 \subsection
                 {Computing Variance}
The control sequence marked <to be read again> should
not appear between \csname and \endcsname.

/home/sunshuo/Github/clust/clustering/report/report.tex:235: Missing \endcsname inserted.
<to be read again> 
                   \csname\endcsname 
l.235 \subsection
                 {Computing Variance}
(That makes 100 errors; please try again.) 
Here is how much of TeX's memory you used:
 4336 strings out of 478599
 70109 string characters out of 5854101
 379708 words of memory out of 5000000
 22195 multiletter control sequences out of 15000+600000
 411321 words of font info for 54 fonts, out of 8000000 for 9000
 1141 hyphenation exceptions out of 8191
 57i,8n,66p,452b,470s stack positions out of 5000i,500n,10000p,200000b,80000s

/home/sunshuo/Github/clust/clustering/report/report.tex:235:  ==> Fatal error occurred, no output PDF file produced!
